<?xml version="1.0" encoding="UTF-8"?>
<testsuite name="com.sayani.moodanalyzer.MoodAnalyzerTest" tests="2" skipped="0" failures="0" errors="0" timestamp="2021-06-30T09:39:18" hostname="DESKTOP-N66BMGP" time="0.008">
  <properties/>
  <testcase name="testMoodAnalysis_whenMoodIsHappy" classname="com.sayani.moodanalyzer.MoodAnalyzerTest" time="0.007"/>
  <testcase name="testMoodAnalysis_whenMoodIsSad" classname="com.sayani.moodanalyzer.MoodAnalyzerTest" time="0.0"/>
  <system-out><![CDATA[]]></system-out>
  <system-err><![CDATA[]]></system-err>
</testsuite>
